<?xml version="1.0" encoding="UTF-8"?>
<!-- Generated by org.testng.reporters.JUnitXMLReporter -->
<testsuite ignored="0" hostname="DESKTOP-4JNJS39" failures="0" tests="1" name="Test12233" time="0.061" errors="0" timestamp="2023-02-12T11:36:04 IST">
  <testcase classname="TestNGPack.TestNGClass" name="@BeforeTest launchBrowser" time="-1.676181964244E9">
    <failure type="org.testng.TestNGException" message="
Parameter &amp;apos;browser&amp;apos; is required by BeforeTest on method launchBrowser but has not been marked @Optional or defined
in C:\Users\SMKC\eclipse-workspace\Trivenikk\src\DisneyHotstarMvenTrivu\sanity.xml">
      <![CDATA[org.testng.TestNGException: 
Parameter 'browser' is required by BeforeTest on method launchBrowser but has not been marked @Optional or defined
in C:\Users\SMKC\eclipse-workspace\Trivenikk\src\DisneyHotstarMvenTrivu\sanity.xml
... Removed 21 stack frames]]>
    </failure>
  </testcase> <!-- @BeforeTest launchBrowser -->
  <testcase classname="TestNGPack.TestNGClass" name="@BeforeClass beforeClass" time="-1.676181964267E9">
    <skipped/>
  </testcase> <!-- @BeforeClass beforeClass -->
  <testcase classname="TestNGPack.TestNGClass" name="@BeforeMethod beforeMethod" time="-1.676181964283E9">
    <skipped/>
  </testcase> <!-- @BeforeMethod beforeMethod -->
  <testcase classname="TestNGPack.TestNGClass" name="@AfterMethod afterMethod" time="-1.676181964292E9">
    <skipped/>
  </testcase> <!-- @AfterMethod afterMethod -->
  <testcase classname="TestNGPack.TestNGClass" name="@AfterClass afterClass" time="-1.676181964297E9">
    <skipped/>
  </testcase> <!-- @AfterClass afterClass -->
  <testcase classname="TestNGPack.TestNGClass" name="test" time="0.0">
    <skipped/>
  </testcase> <!-- test -->
</testsuite> <!-- Test12233 -->
